<?xml version="1.0" encoding="UTF-8"?>
<testng-results ignored="0" total="3" passed="3" failed="0" skipped="0">
  <reporter-output>
  </reporter-output>
  <suite started-at="2023-01-11T12:56:03 IST" name="Default suite" finished-at="2023-01-11T12:57:31 IST" duration-ms="87725">
    <groups>
    </groups>
    <test started-at="2023-01-11T12:56:03 IST" name="Default test" finished-at="2023-01-11T12:57:31 IST" duration-ms="87725">
      <class name="douchebank.test1">
        <test-method signature="t1(java.lang.Object)[pri:0, instance:douchebank.test1@750e2b97]" started-at="2023-01-11T12:56:03 IST" name="t1" data-provider="Vinesh" finished-at="2023-01-11T12:56:03 IST" duration-ms="8" status="PASS">
          <params>
            <param index="0">
              <value>
                <![CDATA[[I@7098b907]]>
              </value>
            </param>
          </params>
          <reporter-output>
          </reporter-output>
        </test-method> <!-- t1 -->
        <test-method signature="t1(java.lang.Object)[pri:0, instance:douchebank.test1@750e2b97]" started-at="2023-01-11T12:56:03 IST" name="t1" data-provider="Vinesh" finished-at="2023-01-11T12:56:03 IST" duration-ms="2" status="PASS">
          <params>
            <param index="0">
              <value>
                <![CDATA[[I@5c86dbc5]]>
              </value>
            </param>
          </params>
          <reporter-output>
          </reporter-output>
        </test-method> <!-- t1 -->
        <test-method signature="verifyLogo()[pri:0, instance:douchebank.test1@750e2b97]" started-at="2023-01-11T12:56:03 IST" name="verifyLogo" finished-at="2023-01-11T12:57:31 IST" duration-ms="87597" status="PASS">
          <reporter-output>
          </reporter-output>
        </test-method> <!-- verifyLogo -->
      </class> <!-- douchebank.test1 -->
    </test> <!-- Default test -->
  </suite> <!-- Default suite -->
</testng-results>
